2019-09-19 10:42:38.523  INFO 11188 --- [main] com.zlx.reverce.ReverceApplicationTests  : Starting ReverceApplicationTests on Z3X9CSF9XM4HM49 with PID 11188 (started by Administrator in D:\IdeaProjects\reverce)
2019-09-19 10:42:38.540  INFO 11188 --- [main] com.zlx.reverce.ReverceApplicationTests  : The following profiles are active: dev
2019-09-19 10:42:40.075  INFO 11188 --- [main] .s.d.r.c.RepositoryConfigurationDelegate : Bootstrapping Spring Data repositories in DEFAULT mode.
2019-09-19 10:42:40.110  INFO 11188 --- [main] .s.d.r.c.RepositoryConfigurationDelegate : Finished Spring Data repository scanning in 22ms. Found 0 repository interfaces.
2019-09-19 10:42:40.702  INFO 11188 --- [main] trationDelegate$BeanPostProcessorChecker : Bean 'org.springframework.transaction.annotation.ProxyTransactionManagementConfiguration' of type [org.springframework.transaction.annotation.ProxyTransactionManagementConfiguration$$EnhancerBySpringCGLIB$$e329ad7b] is not eligible for getting processed by all BeanPostProcessors (for example: not eligible for auto-proxying)
2019-09-19 10:42:41.395  INFO 11188 --- [main] com.zaxxer.hikari.HikariDataSource       : HikariPool-1 - Starting...
2019-09-19 10:42:42.248  INFO 11188 --- [main] com.zaxxer.hikari.HikariDataSource       : HikariPool-1 - Start completed.
2019-09-19 10:42:42.341  INFO 11188 --- [main] o.hibernate.jpa.internal.util.LogHelper  : HHH000204: Processing PersistenceUnitInfo [
	name: default
	...]
2019-09-19 10:42:42.480  INFO 11188 --- [main] org.hibernate.Version                    : HHH000412: Hibernate Core {5.3.11.Final}
2019-09-19 10:42:42.483  INFO 11188 --- [main] org.hibernate.cfg.Environment            : HHH000206: hibernate.properties not found
2019-09-19 10:42:42.702  INFO 11188 --- [main] o.hibernate.annotations.common.Version   : HCANN000001: Hibernate Commons Annotations {5.0.4.Final}
2019-09-19 10:42:42.921  INFO 11188 --- [main] org.hibernate.dialect.Dialect            : HHH000400: Using dialect: org.hibernate.dialect.MySQL5Dialect
2019-09-19 10:42:43.262  INFO 11188 --- [main] j.LocalContainerEntityManagerFactoryBean : Initialized JPA EntityManagerFactory for persistence unit 'default'
2019-09-19 10:42:45.119  WARN 11188 --- [main] aWebConfiguration$JpaWebMvcConfiguration : spring.jpa.open-in-view is enabled by default. Therefore, database queries may be performed during view rendering. Explicitly configure spring.jpa.open-in-view to disable this warning
2019-09-19 10:42:45.560  WARN 11188 --- [main] o.s.w.c.s.GenericWebApplicationContext   : Exception encountered during context initialization - cancelling refresh attempt: org.springframework.beans.factory.BeanCreationException: Error creating bean with name 'serverEndpointExporter' defined in class path resource [com/zlx/reverce/config/WebSocketConfig.class]: Invocation of init method failed; nested exception is java.lang.IllegalStateException: javax.websocket.server.ServerContainer not available
2019-09-19 10:42:45.562  INFO 11188 --- [main] j.LocalContainerEntityManagerFactoryBean : Closing JPA EntityManagerFactory for persistence unit 'default'
2019-09-19 10:42:45.565  INFO 11188 --- [main] com.zaxxer.hikari.HikariDataSource       : HikariPool-1 - Shutdown initiated...
2019-09-19 10:42:45.572  INFO 11188 --- [main] com.zaxxer.hikari.HikariDataSource       : HikariPool-1 - Shutdown completed.
2019-09-19 10:42:45.583  INFO 11188 --- [main] ConditionEvaluationReportLoggingListener : 

Error starting ApplicationContext. To display the conditions report re-run your application with 'debug' enabled.
2019-09-19 10:42:45.590 ERROR 11188 --- [main] o.s.boot.SpringApplication               : Application run failed

org.springframework.beans.factory.BeanCreationException: Error creating bean with name 'serverEndpointExporter' defined in class path resource [com/zlx/reverce/config/WebSocketConfig.class]: Invocation of init method failed; nested exception is java.lang.IllegalStateException: javax.websocket.server.ServerContainer not available
	at org.springframework.beans.factory.support.AbstractAutowireCapableBeanFactory.initializeBean(AbstractAutowireCapableBeanFactory.java:1778) ~[spring-beans-5.1.9.RELEASE.jar:5.1.9.RELEASE]
	at org.springframework.beans.factory.support.AbstractAutowireCapableBeanFactory.doCreateBean(AbstractAutowireCapableBeanFactory.java:593) ~[spring-beans-5.1.9.RELEASE.jar:5.1.9.RELEASE]
	at org.springframework.beans.factory.support.AbstractAutowireCapableBeanFactory.createBean(AbstractAutowireCapableBeanFactory.java:515) ~[spring-beans-5.1.9.RELEASE.jar:5.1.9.RELEASE]
	at org.springframework.beans.factory.support.AbstractBeanFactory.lambda$doGetBean$0(AbstractBeanFactory.java:320) ~[spring-beans-5.1.9.RELEASE.jar:5.1.9.RELEASE]
	at org.springframework.beans.factory.support.DefaultSingletonBeanRegistry.getSingleton(DefaultSingletonBeanRegistry.java:222) ~[spring-beans-5.1.9.RELEASE.jar:5.1.9.RELEASE]
	at org.springframework.beans.factory.support.AbstractBeanFactory.doGetBean(AbstractBeanFactory.java:318) ~[spring-beans-5.1.9.RELEASE.jar:5.1.9.RELEASE]
	at org.springframework.beans.factory.support.AbstractBeanFactory.getBean(AbstractBeanFactory.java:199) ~[spring-beans-5.1.9.RELEASE.jar:5.1.9.RELEASE]
	at org.springframework.beans.factory.support.DefaultListableBeanFactory.preInstantiateSingletons(DefaultListableBeanFactory.java:845) ~[spring-beans-5.1.9.RELEASE.jar:5.1.9.RELEASE]
	at org.springframework.context.support.AbstractApplicationContext.finishBeanFactoryInitialization(AbstractApplicationContext.java:877) ~[spring-context-5.1.9.RELEASE.jar:5.1.9.RELEASE]
	at org.springframework.context.support.AbstractApplicationContext.refresh(AbstractApplicationContext.java:549) ~[spring-context-5.1.9.RELEASE.jar:5.1.9.RELEASE]
	at org.springframework.boot.SpringApplication.refresh(SpringApplication.java:744) ~[spring-boot-2.1.8.RELEASE.jar:2.1.8.RELEASE]
	at org.springframework.boot.SpringApplication.refreshContext(SpringApplication.java:391) ~[spring-boot-2.1.8.RELEASE.jar:2.1.8.RELEASE]
	at org.springframework.boot.SpringApplication.run(SpringApplication.java:312) ~[spring-boot-2.1.8.RELEASE.jar:2.1.8.RELEASE]
	at org.springframework.boot.test.context.SpringBootContextLoader.loadContext(SpringBootContextLoader.java:120) [spring-boot-test-2.1.8.RELEASE.jar:2.1.8.RELEASE]
	at org.springframework.test.context.cache.DefaultCacheAwareContextLoaderDelegate.loadContextInternal(DefaultCacheAwareContextLoaderDelegate.java:99) [spring-test-5.1.9.RELEASE.jar:5.1.9.RELEASE]
	at org.springframework.test.context.cache.DefaultCacheAwareContextLoaderDelegate.loadContext(DefaultCacheAwareContextLoaderDelegate.java:117) [spring-test-5.1.9.RELEASE.jar:5.1.9.RELEASE]
	at org.springframework.test.context.support.DefaultTestContext.getApplicationContext(DefaultTestContext.java:108) [spring-test-5.1.9.RELEASE.jar:5.1.9.RELEASE]
	at org.springframework.test.context.web.ServletTestExecutionListener.setUpRequestContextIfNecessary(ServletTestExecutionListener.java:190) [spring-test-5.1.9.RELEASE.jar:5.1.9.RELEASE]
	at org.springframework.test.context.web.ServletTestExecutionListener.prepareTestInstance(ServletTestExecutionListener.java:132) [spring-test-5.1.9.RELEASE.jar:5.1.9.RELEASE]
	at org.springframework.test.context.TestContextManager.prepareTestInstance(TestContextManager.java:246) [spring-test-5.1.9.RELEASE.jar:5.1.9.RELEASE]
	at org.springframework.test.context.junit4.SpringJUnit4ClassRunner.createTest(SpringJUnit4ClassRunner.java:227) [spring-test-5.1.9.RELEASE.jar:5.1.9.RELEASE]
	at org.springframework.test.context.junit4.SpringJUnit4ClassRunner$1.runReflectiveCall(SpringJUnit4ClassRunner.java:289) [spring-test-5.1.9.RELEASE.jar:5.1.9.RELEASE]
	at org.junit.internal.runners.model.ReflectiveCallable.run(ReflectiveCallable.java:12) [junit-4.12.jar:4.12]
	at org.springframework.test.context.junit4.SpringJUnit4ClassRunner.methodBlock(SpringJUnit4ClassRunner.java:291) [spring-test-5.1.9.RELEASE.jar:5.1.9.RELEASE]
	at org.springframework.test.context.junit4.SpringJUnit4ClassRunner.runChild(SpringJUnit4ClassRunner.java:246) [spring-test-5.1.9.RELEASE.jar:5.1.9.RELEASE]
	at org.springframework.test.context.junit4.SpringJUnit4ClassRunner.runChild(SpringJUnit4ClassRunner.java:97) [spring-test-5.1.9.RELEASE.jar:5.1.9.RELEASE]
	at org.junit.runners.ParentRunner$3.run(ParentRunner.java:290) [junit-4.12.jar:4.12]
	at org.junit.runners.ParentRunner$1.schedule(ParentRunner.java:71) [junit-4.12.jar:4.12]
	at org.junit.runners.ParentRunner.runChildren(ParentRunner.java:288) [junit-4.12.jar:4.12]
	at org.junit.runners.ParentRunner.access$000(ParentRunner.java:58) [junit-4.12.jar:4.12]
	at org.junit.runners.ParentRunner$2.evaluate(ParentRunner.java:268) [junit-4.12.jar:4.12]
	at org.springframework.test.context.junit4.statements.RunBeforeTestClassCallbacks.evaluate(RunBeforeTestClassCallbacks.java:61) [spring-test-5.1.9.RELEASE.jar:5.1.9.RELEASE]
	at org.springframework.test.context.junit4.statements.RunAfterTestClassCallbacks.evaluate(RunAfterTestClassCallbacks.java:70) [spring-test-5.1.9.RELEASE.jar:5.1.9.RELEASE]
	at org.junit.runners.ParentRunner.run(ParentRunner.java:363) [junit-4.12.jar:4.12]
	at org.springframework.test.context.junit4.SpringJUnit4ClassRunner.run(SpringJUnit4ClassRunner.java:190) [spring-test-5.1.9.RELEASE.jar:5.1.9.RELEASE]
	at org.junit.runner.JUnitCore.run(JUnitCore.java:137) [junit-4.12.jar:4.12]
	at com.intellij.junit4.JUnit4IdeaTestRunner.startRunnerWithArgs(JUnit4IdeaTestRunner.java:68) [junit-rt.jar:na]
	at com.intellij.rt.execution.junit.IdeaTestRunner$Repeater.startRunnerWithArgs(IdeaTestRunner.java:47) [junit-rt.jar:na]
	at com.intellij.rt.execution.junit.JUnitStarter.prepareStreamsAndStart(JUnitStarter.java:242) [junit-rt.jar:na]
	at com.intellij.rt.execution.junit.JUnitStarter.main(JUnitStarter.java:70) [junit-rt.jar:na]
Caused by: java.lang.IllegalStateException: javax.websocket.server.ServerContainer not available
	at org.springframework.util.Assert.state(Assert.java:73) ~[spring-core-5.1.9.RELEASE.jar:5.1.9.RELEASE]
	at org.springframework.web.socket.server.standard.ServerEndpointExporter.afterPropertiesSet(ServerEndpointExporter.java:106) ~[spring-websocket-5.1.9.RELEASE.jar:5.1.9.RELEASE]
	at org.springframework.beans.factory.support.AbstractAutowireCapableBeanFactory.invokeInitMethods(AbstractAutowireCapableBeanFactory.java:1837) ~[spring-beans-5.1.9.RELEASE.jar:5.1.9.RELEASE]
	at org.springframework.beans.factory.support.AbstractAutowireCapableBeanFactory.initializeBean(AbstractAutowireCapableBeanFactory.java:1774) ~[spring-beans-5.1.9.RELEASE.jar:5.1.9.RELEASE]
	... 39 common frames omitted

2019-09-19 10:42:45.593 ERROR 11188 --- [main] o.s.test.context.TestContextManager      : Caught exception while allowing TestExecutionListener [org.springframework.test.context.web.ServletTestExecutionListener@5af3afd9] to prepare test instance [com.zlx.reverce.ReverceApplicationTests@75452aea]

java.lang.IllegalStateException: Failed to load ApplicationContext
	at org.springframework.test.context.cache.DefaultCacheAwareContextLoaderDelegate.loadContext(DefaultCacheAwareContextLoaderDelegate.java:125) ~[spring-test-5.1.9.RELEASE.jar:5.1.9.RELEASE]
	at org.springframework.test.context.support.DefaultTestContext.getApplicationContext(DefaultTestContext.java:108) ~[spring-test-5.1.9.RELEASE.jar:5.1.9.RELEASE]
	at org.springframework.test.context.web.ServletTestExecutionListener.setUpRequestContextIfNecessary(ServletTestExecutionListener.java:190) ~[spring-test-5.1.9.RELEASE.jar:5.1.9.RELEASE]
	at org.springframework.test.context.web.ServletTestExecutionListener.prepareTestInstance(ServletTestExecutionListener.java:132) ~[spring-test-5.1.9.RELEASE.jar:5.1.9.RELEASE]
	at org.springframework.test.context.TestContextManager.prepareTestInstance(TestContextManager.java:246) ~[spring-test-5.1.9.RELEASE.jar:5.1.9.RELEASE]
	at org.springframework.test.context.junit4.SpringJUnit4ClassRunner.createTest(SpringJUnit4ClassRunner.java:227) [spring-test-5.1.9.RELEASE.jar:5.1.9.RELEASE]
	at org.springframework.test.context.junit4.SpringJUnit4ClassRunner$1.runReflectiveCall(SpringJUnit4ClassRunner.java:289) [spring-test-5.1.9.RELEASE.jar:5.1.9.RELEASE]
	at org.junit.internal.runners.model.ReflectiveCallable.run(ReflectiveCallable.java:12) [junit-4.12.jar:4.12]
	at org.springframework.test.context.junit4.SpringJUnit4ClassRunner.methodBlock(SpringJUnit4ClassRunner.java:291) [spring-test-5.1.9.RELEASE.jar:5.1.9.RELEASE]
	at org.springframework.test.context.junit4.SpringJUnit4ClassRunner.runChild(SpringJUnit4ClassRunner.java:246) [spring-test-5.1.9.RELEASE.jar:5.1.9.RELEASE]
	at org.springframework.test.context.junit4.SpringJUnit4ClassRunner.runChild(SpringJUnit4ClassRunner.java:97) [spring-test-5.1.9.RELEASE.jar:5.1.9.RELEASE]
	at org.junit.runners.ParentRunner$3.run(ParentRunner.java:290) [junit-4.12.jar:4.12]
	at org.junit.runners.ParentRunner$1.schedule(ParentRunner.java:71) [junit-4.12.jar:4.12]
	at org.junit.runners.ParentRunner.runChildren(ParentRunner.java:288) [junit-4.12.jar:4.12]
	at org.junit.runners.ParentRunner.access$000(ParentRunner.java:58) [junit-4.12.jar:4.12]
	at org.junit.runners.ParentRunner$2.evaluate(ParentRunner.java:268) [junit-4.12.jar:4.12]
	at org.springframework.test.context.junit4.statements.RunBeforeTestClassCallbacks.evaluate(RunBeforeTestClassCallbacks.java:61) [spring-test-5.1.9.RELEASE.jar:5.1.9.RELEASE]
	at org.springframework.test.context.junit4.statements.RunAfterTestClassCallbacks.evaluate(RunAfterTestClassCallbacks.java:70) [spring-test-5.1.9.RELEASE.jar:5.1.9.RELEASE]
	at org.junit.runners.ParentRunner.run(ParentRunner.java:363) [junit-4.12.jar:4.12]
	at org.springframework.test.context.junit4.SpringJUnit4ClassRunner.run(SpringJUnit4ClassRunner.java:190) [spring-test-5.1.9.RELEASE.jar:5.1.9.RELEASE]
	at org.junit.runner.JUnitCore.run(JUnitCore.java:137) [junit-4.12.jar:4.12]
	at com.intellij.junit4.JUnit4IdeaTestRunner.startRunnerWithArgs(JUnit4IdeaTestRunner.java:68) [junit-rt.jar:na]
	at com.intellij.rt.execution.junit.IdeaTestRunner$Repeater.startRunnerWithArgs(IdeaTestRunner.java:47) [junit-rt.jar:na]
	at com.intellij.rt.execution.junit.JUnitStarter.prepareStreamsAndStart(JUnitStarter.java:242) [junit-rt.jar:na]
	at com.intellij.rt.execution.junit.JUnitStarter.main(JUnitStarter.java:70) [junit-rt.jar:na]
Caused by: org.springframework.beans.factory.BeanCreationException: Error creating bean with name 'serverEndpointExporter' defined in class path resource [com/zlx/reverce/config/WebSocketConfig.class]: Invocation of init method failed; nested exception is java.lang.IllegalStateException: javax.websocket.server.ServerContainer not available
	at org.springframework.beans.factory.support.AbstractAutowireCapableBeanFactory.initializeBean(AbstractAutowireCapableBeanFactory.java:1778) ~[spring-beans-5.1.9.RELEASE.jar:5.1.9.RELEASE]
	at org.springframework.beans.factory.support.AbstractAutowireCapableBeanFactory.doCreateBean(AbstractAutowireCapableBeanFactory.java:593) ~[spring-beans-5.1.9.RELEASE.jar:5.1.9.RELEASE]
	at org.springframework.beans.factory.support.AbstractAutowireCapableBeanFactory.createBean(AbstractAutowireCapableBeanFactory.java:515) ~[spring-beans-5.1.9.RELEASE.jar:5.1.9.RELEASE]
	at org.springframework.beans.factory.support.AbstractBeanFactory.lambda$doGetBean$0(AbstractBeanFactory.java:320) ~[spring-beans-5.1.9.RELEASE.jar:5.1.9.RELEASE]
	at org.springframework.beans.factory.support.DefaultSingletonBeanRegistry.getSingleton(DefaultSingletonBeanRegistry.java:222) ~[spring-beans-5.1.9.RELEASE.jar:5.1.9.RELEASE]
	at org.springframework.beans.factory.support.AbstractBeanFactory.doGetBean(AbstractBeanFactory.java:318) ~[spring-beans-5.1.9.RELEASE.jar:5.1.9.RELEASE]
	at org.springframework.beans.factory.support.AbstractBeanFactory.getBean(AbstractBeanFactory.java:199) ~[spring-beans-5.1.9.RELEASE.jar:5.1.9.RELEASE]
	at org.springframework.beans.factory.support.DefaultListableBeanFactory.preInstantiateSingletons(DefaultListableBeanFactory.java:845) ~[spring-beans-5.1.9.RELEASE.jar:5.1.9.RELEASE]
	at org.springframework.context.support.AbstractApplicationContext.finishBeanFactoryInitialization(AbstractApplicationContext.java:877) ~[spring-context-5.1.9.RELEASE.jar:5.1.9.RELEASE]
	at org.springframework.context.support.AbstractApplicationContext.refresh(AbstractApplicationContext.java:549) ~[spring-context-5.1.9.RELEASE.jar:5.1.9.RELEASE]
	at org.springframework.boot.SpringApplication.refresh(SpringApplication.java:744) ~[spring-boot-2.1.8.RELEASE.jar:2.1.8.RELEASE]
	at org.springframework.boot.SpringApplication.refreshContext(SpringApplication.java:391) ~[spring-boot-2.1.8.RELEASE.jar:2.1.8.RELEASE]
	at org.springframework.boot.SpringApplication.run(SpringApplication.java:312) ~[spring-boot-2.1.8.RELEASE.jar:2.1.8.RELEASE]
	at org.springframework.boot.test.context.SpringBootContextLoader.loadContext(SpringBootContextLoader.java:120) ~[spring-boot-test-2.1.8.RELEASE.jar:2.1.8.RELEASE]
	at org.springframework.test.context.cache.DefaultCacheAwareContextLoaderDelegate.loadContextInternal(DefaultCacheAwareContextLoaderDelegate.java:99) ~[spring-test-5.1.9.RELEASE.jar:5.1.9.RELEASE]
	at org.springframework.test.context.cache.DefaultCacheAwareContextLoaderDelegate.loadContext(DefaultCacheAwareContextLoaderDelegate.java:117) ~[spring-test-5.1.9.RELEASE.jar:5.1.9.RELEASE]
	... 24 common frames omitted
Caused by: java.lang.IllegalStateException: javax.websocket.server.ServerContainer not available
	at org.springframework.util.Assert.state(Assert.java:73) ~[spring-core-5.1.9.RELEASE.jar:5.1.9.RELEASE]
	at org.springframework.web.socket.server.standard.ServerEndpointExporter.afterPropertiesSet(ServerEndpointExporter.java:106) ~[spring-websocket-5.1.9.RELEASE.jar:5.1.9.RELEASE]
	at org.springframework.beans.factory.support.AbstractAutowireCapableBeanFactory.invokeInitMethods(AbstractAutowireCapableBeanFactory.java:1837) ~[spring-beans-5.1.9.RELEASE.jar:5.1.9.RELEASE]
	at org.springframework.beans.factory.support.AbstractAutowireCapableBeanFactory.initializeBean(AbstractAutowireCapableBeanFactory.java:1774) ~[spring-beans-5.1.9.RELEASE.jar:5.1.9.RELEASE]
	... 39 common frames omitted

2019-09-19 10:43:48.498  INFO 10452 --- [main] com.zlx.reverce.ReverceApplication       : Starting ReverceApplication on Z3X9CSF9XM4HM49 with PID 10452 (D:\IdeaProjects\reverce\target\classes started by Administrator in D:\IdeaProjects\reverce)
2019-09-19 10:43:48.500  INFO 10452 --- [main] com.zlx.reverce.ReverceApplication       : The following profiles are active: dev
2019-09-19 10:43:49.664  INFO 10452 --- [main] .s.d.r.c.RepositoryConfigurationDelegate : Bootstrapping Spring Data repositories in DEFAULT mode.
2019-09-19 10:43:49.692  INFO 10452 --- [main] .s.d.r.c.RepositoryConfigurationDelegate : Finished Spring Data repository scanning in 22ms. Found 0 repository interfaces.
2019-09-19 10:43:50.012  INFO 10452 --- [main] trationDelegate$BeanPostProcessorChecker : Bean 'org.springframework.transaction.annotation.ProxyTransactionManagementConfiguration' of type [org.springframework.transaction.annotation.ProxyTransactionManagementConfiguration$$EnhancerBySpringCGLIB$$86d7425a] is not eligible for getting processed by all BeanPostProcessors (for example: not eligible for auto-proxying)
2019-09-19 10:43:50.602  INFO 10452 --- [main] o.s.b.w.embedded.tomcat.TomcatWebServer  : Tomcat initialized with port(s): 8088 (http)
2019-09-19 10:43:50.630  INFO 10452 --- [main] o.apache.catalina.core.StandardService   : Starting service [Tomcat]
2019-09-19 10:43:50.631  INFO 10452 --- [main] org.apache.catalina.core.StandardEngine  : Starting Servlet engine: [Apache Tomcat/9.0.24]
2019-09-19 10:43:50.642  INFO 10452 --- [main] o.a.catalina.core.AprLifecycleListener   : An older version [1.2.21] of the APR based Apache Tomcat Native library is installed, while Tomcat recommends a minimum version of [1.2.23]
2019-09-19 10:43:50.642  INFO 10452 --- [main] o.a.catalina.core.AprLifecycleListener   : Loaded APR based Apache Tomcat Native library [1.2.21] using APR version [1.6.5].
2019-09-19 10:43:50.642  INFO 10452 --- [main] o.a.catalina.core.AprLifecycleListener   : APR capabilities: IPv6 [true], sendfile [true], accept filters [false], random [true].
2019-09-19 10:43:50.643  INFO 10452 --- [main] o.a.catalina.core.AprLifecycleListener   : APR/OpenSSL configuration: useAprConnector [false], useOpenSSL [true]
2019-09-19 10:43:50.648  INFO 10452 --- [main] o.a.catalina.core.AprLifecycleListener   : OpenSSL successfully initialized [OpenSSL 1.1.1a  20 Nov 2018]
2019-09-19 10:43:50.785  INFO 10452 --- [main] o.a.c.c.C.[.[localhost].[/reverce]       : Initializing Spring embedded WebApplicationContext
2019-09-19 10:43:50.785  INFO 10452 --- [main] o.s.web.context.ContextLoader            : Root WebApplicationContext: initialization completed in 2239 ms
2019-09-19 10:43:51.097  INFO 10452 --- [main] com.zaxxer.hikari.HikariDataSource       : HikariPool-1 - Starting...
2019-09-19 10:43:51.571  INFO 10452 --- [main] com.zaxxer.hikari.HikariDataSource       : HikariPool-1 - Start completed.
2019-09-19 10:43:51.605  INFO 10452 --- [main] o.hibernate.jpa.internal.util.LogHelper  : HHH000204: Processing PersistenceUnitInfo [
	name: default
	...]
2019-09-19 10:43:51.654  INFO 10452 --- [main] org.hibernate.Version                    : HHH000412: Hibernate Core {5.3.11.Final}
2019-09-19 10:43:51.655  INFO 10452 --- [main] org.hibernate.cfg.Environment            : HHH000206: hibernate.properties not found
2019-09-19 10:43:51.757  INFO 10452 --- [main] o.hibernate.annotations.common.Version   : HCANN000001: Hibernate Commons Annotations {5.0.4.Final}
2019-09-19 10:43:51.933  INFO 10452 --- [main] org.hibernate.dialect.Dialect            : HHH000400: Using dialect: org.hibernate.dialect.MySQL5Dialect
2019-09-19 10:43:52.097  INFO 10452 --- [main] j.LocalContainerEntityManagerFactoryBean : Initialized JPA EntityManagerFactory for persistence unit 'default'
2019-09-19 10:43:52.985  WARN 10452 --- [main] aWebConfiguration$JpaWebMvcConfiguration : spring.jpa.open-in-view is enabled by default. Therefore, database queries may be performed during view rendering. Explicitly configure spring.jpa.open-in-view to disable this warning
2019-09-19 10:43:53.208  INFO 10452 --- [main] pertySourcedRequestMappingHandlerMapping : Mapped URL path [/v2/api-docs] onto method [public org.springframework.http.ResponseEntity<springfox.documentation.spring.web.json.Json> springfox.documentation.swagger2.web.Swagger2Controller.getDocumentation(java.lang.String,javax.servlet.http.HttpServletRequest)]
2019-09-19 10:43:53.526  INFO 10452 --- [main] o.s.s.concurrent.ThreadPoolTaskExecutor  : Initializing ExecutorService 'applicationTaskExecutor'
2019-09-19 10:43:53.624  INFO 10452 --- [main] o.s.b.a.w.s.WelcomePageHandlerMapping    : Adding welcome page: class path resource [static/system_manager/index.html]
2019-09-19 10:43:53.956  INFO 10452 --- [main] d.s.w.p.DocumentationPluginsBootstrapper : Context refreshed
2019-09-19 10:43:53.973  INFO 10452 --- [main] d.s.w.p.DocumentationPluginsBootstrapper : Found 1 custom documentation plugin(s)
2019-09-19 10:43:54.002  INFO 10452 --- [main] s.d.s.w.s.ApiListingReferenceScanner     : Scanning for api listing references
2019-09-19 10:43:54.135  INFO 10452 --- [main] o.s.b.w.embedded.tomcat.TomcatWebServer  : Tomcat started on port(s): 8088 (http) with context path '/reverce'
2019-09-19 10:43:54.137  INFO 10452 --- [main] com.zlx.reverce.ReverceApplication       : Started ReverceApplication in 6.049 seconds (JVM running for 6.792)
2019-09-19 10:54:19.300  INFO 11288 --- [main] com.zlx.reverce.ReverceApplication       : Starting ReverceApplication on Z3X9CSF9XM4HM49 with PID 11288 (D:\IdeaProjects\reverce\target\classes started by Administrator in D:\IdeaProjects\reverce)
2019-09-19 10:54:19.302  INFO 11288 --- [main] com.zlx.reverce.ReverceApplication       : The following profiles are active: dev
2019-09-19 10:54:20.276  INFO 11288 --- [main] .s.d.r.c.RepositoryConfigurationDelegate : Bootstrapping Spring Data repositories in DEFAULT mode.
2019-09-19 10:54:20.307  INFO 11288 --- [main] .s.d.r.c.RepositoryConfigurationDelegate : Finished Spring Data repository scanning in 22ms. Found 0 repository interfaces.
2019-09-19 10:54:20.629  INFO 11288 --- [main] trationDelegate$BeanPostProcessorChecker : Bean 'org.springframework.transaction.annotation.ProxyTransactionManagementConfiguration' of type [org.springframework.transaction.annotation.ProxyTransactionManagementConfiguration$$EnhancerBySpringCGLIB$$796087ab] is not eligible for getting processed by all BeanPostProcessors (for example: not eligible for auto-proxying)
2019-09-19 10:54:21.055  INFO 11288 --- [main] o.s.b.w.embedded.tomcat.TomcatWebServer  : Tomcat initialized with port(s): 8088 (http)
2019-09-19 10:54:21.076  INFO 11288 --- [main] o.apache.catalina.core.StandardService   : Starting service [Tomcat]
2019-09-19 10:54:21.077  INFO 11288 --- [main] org.apache.catalina.core.StandardEngine  : Starting Servlet engine: [Apache Tomcat/9.0.24]
2019-09-19 10:54:21.082  INFO 11288 --- [main] o.a.catalina.core.AprLifecycleListener   : An older version [1.2.21] of the APR based Apache Tomcat Native library is installed, while Tomcat recommends a minimum version of [1.2.23]
2019-09-19 10:54:21.083  INFO 11288 --- [main] o.a.catalina.core.AprLifecycleListener   : Loaded APR based Apache Tomcat Native library [1.2.21] using APR version [1.6.5].
2019-09-19 10:54:21.083  INFO 11288 --- [main] o.a.catalina.core.AprLifecycleListener   : APR capabilities: IPv6 [true], sendfile [true], accept filters [false], random [true].
2019-09-19 10:54:21.083  INFO 11288 --- [main] o.a.catalina.core.AprLifecycleListener   : APR/OpenSSL configuration: useAprConnector [false], useOpenSSL [true]
2019-09-19 10:54:21.086  INFO 11288 --- [main] o.a.catalina.core.AprLifecycleListener   : OpenSSL successfully initialized [OpenSSL 1.1.1a  20 Nov 2018]
2019-09-19 10:54:21.186  INFO 11288 --- [main] o.a.c.c.C.[.[localhost].[/reverce]       : Initializing Spring embedded WebApplicationContext
2019-09-19 10:54:21.187  INFO 11288 --- [main] o.s.web.context.ContextLoader            : Root WebApplicationContext: initialization completed in 1838 ms
2019-09-19 10:54:21.426  INFO 11288 --- [main] com.zaxxer.hikari.HikariDataSource       : HikariPool-1 - Starting...
2019-09-19 10:54:21.919  INFO 11288 --- [main] com.zaxxer.hikari.HikariDataSource       : HikariPool-1 - Start completed.
2019-09-19 10:54:21.954  INFO 11288 --- [main] o.hibernate.jpa.internal.util.LogHelper  : HHH000204: Processing PersistenceUnitInfo [
	name: default
	...]
2019-09-19 10:54:22.003  INFO 11288 --- [main] org.hibernate.Version                    : HHH000412: Hibernate Core {5.3.11.Final}
2019-09-19 10:54:22.005  INFO 11288 --- [main] org.hibernate.cfg.Environment            : HHH000206: hibernate.properties not found
2019-09-19 10:54:22.109  INFO 11288 --- [main] o.hibernate.annotations.common.Version   : HCANN000001: Hibernate Commons Annotations {5.0.4.Final}
2019-09-19 10:54:22.223  INFO 11288 --- [main] org.hibernate.dialect.Dialect            : HHH000400: Using dialect: org.hibernate.dialect.MySQL5Dialect
2019-09-19 10:54:22.401  INFO 11288 --- [main] j.LocalContainerEntityManagerFactoryBean : Initialized JPA EntityManagerFactory for persistence unit 'default'
2019-09-19 10:54:23.301  WARN 11288 --- [main] aWebConfiguration$JpaWebMvcConfiguration : spring.jpa.open-in-view is enabled by default. Therefore, database queries may be performed during view rendering. Explicitly configure spring.jpa.open-in-view to disable this warning
2019-09-19 10:54:23.534  INFO 11288 --- [main] pertySourcedRequestMappingHandlerMapping : Mapped URL path [/v2/api-docs] onto method [public org.springframework.http.ResponseEntity<springfox.documentation.spring.web.json.Json> springfox.documentation.swagger2.web.Swagger2Controller.getDocumentation(java.lang.String,javax.servlet.http.HttpServletRequest)]
2019-09-19 10:54:23.863  INFO 11288 --- [main] o.s.s.concurrent.ThreadPoolTaskExecutor  : Initializing ExecutorService 'applicationTaskExecutor'
2019-09-19 10:54:23.955  INFO 11288 --- [main] o.s.b.a.w.s.WelcomePageHandlerMapping    : Adding welcome page: class path resource [static/system_manager/index.html]
2019-09-19 10:54:24.273  INFO 11288 --- [main] d.s.w.p.DocumentationPluginsBootstrapper : Context refreshed
2019-09-19 10:54:24.287  INFO 11288 --- [main] d.s.w.p.DocumentationPluginsBootstrapper : Found 1 custom documentation plugin(s)
2019-09-19 10:54:24.312  INFO 11288 --- [main] s.d.s.w.s.ApiListingReferenceScanner     : Scanning for api listing references
2019-09-19 10:54:24.390  INFO 11288 --- [main] .d.s.w.r.o.CachingOperationNameGenerator : Generating unique operation named: insertUsingPOST_1
2019-09-19 10:54:24.391  INFO 11288 --- [main] .d.s.w.r.o.CachingOperationNameGenerator : Generating unique operation named: selectUsingPOST_1
2019-09-19 10:54:24.445  INFO 11288 --- [main] o.s.b.w.embedded.tomcat.TomcatWebServer  : Tomcat started on port(s): 8088 (http) with context path '/reverce'
2019-09-19 10:54:24.448  INFO 11288 --- [main] com.zlx.reverce.ReverceApplication       : Started ReverceApplication in 5.548 seconds (JVM running for 6.222)
2019-09-19 11:05:25.988  INFO 11288 --- [http-nio-8088-exec-1] o.a.c.c.C.[.[localhost].[/reverce]       : Initializing Spring DispatcherServlet 'dispatcherServlet'
2019-09-19 11:05:25.988  INFO 11288 --- [http-nio-8088-exec-1] o.s.web.servlet.DispatcherServlet        : Initializing Servlet 'dispatcherServlet'
2019-09-19 11:05:26.004  INFO 11288 --- [http-nio-8088-exec-1] o.s.web.servlet.DispatcherServlet        : Completed initialization in 16 ms
2019-09-19 11:05:26.372  WARN 11288 --- [http-nio-8088-exec-1] .w.s.m.s.DefaultHandlerExceptionResolver : Resolved [org.springframework.web.HttpRequestMethodNotSupportedException: Request method 'POST' not supported]
2019-09-19 11:09:17.816  WARN 11288 --- [http-nio-8088-exec-3] .w.s.m.s.DefaultHandlerExceptionResolver : Resolved [org.springframework.web.HttpRequestMethodNotSupportedException: Request method 'POST' not supported]
2019-09-19 11:09:42.380  WARN 11288 --- [http-nio-8088-exec-4] .w.s.m.s.DefaultHandlerExceptionResolver : Resolved [org.springframework.web.HttpRequestMethodNotSupportedException: Request method 'POST' not supported]
2019-09-19 11:51:54.534  WARN 11288 --- [http-nio-8088-exec-6] .w.s.m.s.DefaultHandlerExceptionResolver : Resolved [org.springframework.web.HttpRequestMethodNotSupportedException: Request method 'POST' not supported]
2019-09-19 11:53:22.953  WARN 11288 --- [http-nio-8088-exec-8] .w.s.m.s.DefaultHandlerExceptionResolver : Resolved [org.springframework.web.HttpRequestMethodNotSupportedException: Request method 'POST' not supported]
2019-09-19 11:54:13.072  WARN 11288 --- [http-nio-8088-exec-9] .w.s.m.s.DefaultHandlerExceptionResolver : Resolved [org.springframework.web.HttpRequestMethodNotSupportedException: Request method 'POST' not supported]
2019-09-19 11:55:06.618  INFO 11840 --- [main] com.zlx.reverce.ReverceApplication       : Starting ReverceApplication on Z3X9CSF9XM4HM49 with PID 11840 (D:\IdeaProjects\reverce\target\classes started by Administrator in D:\IdeaProjects\reverce)
2019-09-19 11:55:06.621  INFO 11840 --- [main] com.zlx.reverce.ReverceApplication       : The following profiles are active: dev
2019-09-19 11:55:06.895  WARN 11840 --- [main] ConfigServletWebServerApplicationContext : Exception encountered during context initialization - cancelling refresh attempt: org.springframework.beans.factory.BeanDefinitionStoreException: Failed to parse configuration class [com.zlx.reverce.ReverceApplication]; nested exception is org.springframework.context.annotation.ConflictingBeanDefinitionException: Annotation-specified bean name 'TAddressInfoController' for bean class [com.zlx.reverce.t_address_info.controller.TAddressInfoController] conflicts with existing, non-compatible bean definition of same name and class [com.zlx.reverce.controller.TAddressInfoController]
2019-09-19 11:55:06.937 ERROR 11840 --- [main] o.s.boot.SpringApplication               : Application run failed

org.springframework.beans.factory.BeanDefinitionStoreException: Failed to parse configuration class [com.zlx.reverce.ReverceApplication]; nested exception is org.springframework.context.annotation.ConflictingBeanDefinitionException: Annotation-specified bean name 'TAddressInfoController' for bean class [com.zlx.reverce.t_address_info.controller.TAddressInfoController] conflicts with existing, non-compatible bean definition of same name and class [com.zlx.reverce.controller.TAddressInfoController]
	at org.springframework.context.annotation.ConfigurationClassParser.parse(ConfigurationClassParser.java:181) ~[spring-context-5.1.9.RELEASE.jar:5.1.9.RELEASE]
	at org.springframework.context.annotation.ConfigurationClassPostProcessor.processConfigBeanDefinitions(ConfigurationClassPostProcessor.java:315) ~[spring-context-5.1.9.RELEASE.jar:5.1.9.RELEASE]
	at org.springframework.context.annotation.ConfigurationClassPostProcessor.postProcessBeanDefinitionRegistry(ConfigurationClassPostProcessor.java:232) ~[spring-context-5.1.9.RELEASE.jar:5.1.9.RELEASE]
	at org.springframework.context.support.PostProcessorRegistrationDelegate.invokeBeanDefinitionRegistryPostProcessors(PostProcessorRegistrationDelegate.java:275) ~[spring-context-5.1.9.RELEASE.jar:5.1.9.RELEASE]
	at org.springframework.context.support.PostProcessorRegistrationDelegate.invokeBeanFactoryPostProcessors(PostProcessorRegistrationDelegate.java:95) ~[spring-context-5.1.9.RELEASE.jar:5.1.9.RELEASE]
	at org.springframework.context.support.AbstractApplicationContext.invokeBeanFactoryPostProcessors(AbstractApplicationContext.java:705) ~[spring-context-5.1.9.RELEASE.jar:5.1.9.RELEASE]
	at org.springframework.context.support.AbstractApplicationContext.refresh(AbstractApplicationContext.java:531) ~[spring-context-5.1.9.RELEASE.jar:5.1.9.RELEASE]
	at org.springframework.boot.web.servlet.context.ServletWebServerApplicationContext.refresh(ServletWebServerApplicationContext.java:141) ~[spring-boot-2.1.8.RELEASE.jar:2.1.8.RELEASE]
	at org.springframework.boot.SpringApplication.refresh(SpringApplication.java:744) [spring-boot-2.1.8.RELEASE.jar:2.1.8.RELEASE]
	at org.springframework.boot.SpringApplication.refreshContext(SpringApplication.java:391) [spring-boot-2.1.8.RELEASE.jar:2.1.8.RELEASE]
	at org.springframework.boot.SpringApplication.run(SpringApplication.java:312) [spring-boot-2.1.8.RELEASE.jar:2.1.8.RELEASE]
	at org.springframework.boot.SpringApplication.run(SpringApplication.java:1215) [spring-boot-2.1.8.RELEASE.jar:2.1.8.RELEASE]
	at org.springframework.boot.SpringApplication.run(SpringApplication.java:1204) [spring-boot-2.1.8.RELEASE.jar:2.1.8.RELEASE]
	at com.zlx.reverce.ReverceApplication.main(ReverceApplication.java:24) [classes/:na]
Caused by: org.springframework.context.annotation.ConflictingBeanDefinitionException: Annotation-specified bean name 'TAddressInfoController' for bean class [com.zlx.reverce.t_address_info.controller.TAddressInfoController] conflicts with existing, non-compatible bean definition of same name and class [com.zlx.reverce.controller.TAddressInfoController]
	at org.springframework.context.annotation.ClassPathBeanDefinitionScanner.checkCandidate(ClassPathBeanDefinitionScanner.java:348) ~[spring-context-5.1.9.RELEASE.jar:5.1.9.RELEASE]
	at org.springframework.context.annotation.ClassPathBeanDefinitionScanner.doScan(ClassPathBeanDefinitionScanner.java:286) ~[spring-context-5.1.9.RELEASE.jar:5.1.9.RELEASE]
	at org.springframework.context.annotation.ComponentScanAnnotationParser.parse(ComponentScanAnnotationParser.java:132) ~[spring-context-5.1.9.RELEASE.jar:5.1.9.RELEASE]
	at org.springframework.context.annotation.ConfigurationClassParser.doProcessConfigurationClass(ConfigurationClassParser.java:287) ~[spring-context-5.1.9.RELEASE.jar:5.1.9.RELEASE]
	at org.springframework.context.annotation.ConfigurationClassParser.processConfigurationClass(ConfigurationClassParser.java:242) ~[spring-context-5.1.9.RELEASE.jar:5.1.9.RELEASE]
	at org.springframework.context.annotation.ConfigurationClassParser.parse(ConfigurationClassParser.java:199) ~[spring-context-5.1.9.RELEASE.jar:5.1.9.RELEASE]
	at org.springframework.context.annotation.ConfigurationClassParser.parse(ConfigurationClassParser.java:167) ~[spring-context-5.1.9.RELEASE.jar:5.1.9.RELEASE]
	... 13 common frames omitted

2019-09-19 11:55:50.846  INFO 8736 --- [main] com.zlx.reverce.ReverceApplication       : Starting ReverceApplication on Z3X9CSF9XM4HM49 with PID 8736 (D:\IdeaProjects\reverce\target\classes started by Administrator in D:\IdeaProjects\reverce)
2019-09-19 11:55:50.849  INFO 8736 --- [main] com.zlx.reverce.ReverceApplication       : The following profiles are active: dev
2019-09-19 11:55:51.813  INFO 8736 --- [main] .s.d.r.c.RepositoryConfigurationDelegate : Bootstrapping Spring Data repositories in DEFAULT mode.
2019-09-19 11:55:51.840  INFO 8736 --- [main] .s.d.r.c.RepositoryConfigurationDelegate : Finished Spring Data repository scanning in 20ms. Found 0 repository interfaces.
2019-09-19 11:55:52.196  INFO 8736 --- [main] trationDelegate$BeanPostProcessorChecker : Bean 'org.springframework.transaction.annotation.ProxyTransactionManagementConfiguration' of type [org.springframework.transaction.annotation.ProxyTransactionManagementConfiguration$$EnhancerBySpringCGLIB$$cc1be8da] is not eligible for getting processed by all BeanPostProcessors (for example: not eligible for auto-proxying)
2019-09-19 11:55:52.628  INFO 8736 --- [main] o.s.b.w.embedded.tomcat.TomcatWebServer  : Tomcat initialized with port(s): 8088 (http)
2019-09-19 11:55:52.651  INFO 8736 --- [main] o.apache.catalina.core.StandardService   : Starting service [Tomcat]
2019-09-19 11:55:52.651  INFO 8736 --- [main] org.apache.catalina.core.StandardEngine  : Starting Servlet engine: [Apache Tomcat/9.0.24]
2019-09-19 11:55:52.656  INFO 8736 --- [main] o.a.catalina.core.AprLifecycleListener   : An older version [1.2.21] of the APR based Apache Tomcat Native library is installed, while Tomcat recommends a minimum version of [1.2.23]
2019-09-19 11:55:52.656  INFO 8736 --- [main] o.a.catalina.core.AprLifecycleListener   : Loaded APR based Apache Tomcat Native library [1.2.21] using APR version [1.6.5].
2019-09-19 11:55:52.656  INFO 8736 --- [main] o.a.catalina.core.AprLifecycleListener   : APR capabilities: IPv6 [true], sendfile [true], accept filters [false], random [true].
2019-09-19 11:55:52.656  INFO 8736 --- [main] o.a.catalina.core.AprLifecycleListener   : APR/OpenSSL configuration: useAprConnector [false], useOpenSSL [true]
2019-09-19 11:55:52.660  INFO 8736 --- [main] o.a.catalina.core.AprLifecycleListener   : OpenSSL successfully initialized [OpenSSL 1.1.1a  20 Nov 2018]
2019-09-19 11:55:52.763  INFO 8736 --- [main] o.a.c.c.C.[.[localhost].[/reverce]       : Initializing Spring embedded WebApplicationContext
2019-09-19 11:55:52.763  INFO 8736 --- [main] o.s.web.context.ContextLoader            : Root WebApplicationContext: initialization completed in 1863 ms
2019-09-19 11:55:53.003  INFO 8736 --- [main] com.zaxxer.hikari.HikariDataSource       : HikariPool-1 - Starting...
2019-09-19 11:55:53.478  INFO 8736 --- [main] com.zaxxer.hikari.HikariDataSource       : HikariPool-1 - Start completed.
2019-09-19 11:55:53.510  INFO 8736 --- [main] o.hibernate.jpa.internal.util.LogHelper  : HHH000204: Processing PersistenceUnitInfo [
	name: default
	...]
2019-09-19 11:55:53.560  INFO 8736 --- [main] org.hibernate.Version                    : HHH000412: Hibernate Core {5.3.11.Final}
2019-09-19 11:55:53.561  INFO 8736 --- [main] org.hibernate.cfg.Environment            : HHH000206: hibernate.properties not found
2019-09-19 11:55:53.672  INFO 8736 --- [main] o.hibernate.annotations.common.Version   : HCANN000001: Hibernate Commons Annotations {5.0.4.Final}
2019-09-19 11:55:53.805  INFO 8736 --- [main] org.hibernate.dialect.Dialect            : HHH000400: Using dialect: org.hibernate.dialect.MySQL5Dialect
2019-09-19 11:55:54.011  INFO 8736 --- [main] j.LocalContainerEntityManagerFactoryBean : Initialized JPA EntityManagerFactory for persistence unit 'default'
2019-09-19 11:55:54.933  WARN 8736 --- [main] aWebConfiguration$JpaWebMvcConfiguration : spring.jpa.open-in-view is enabled by default. Therefore, database queries may be performed during view rendering. Explicitly configure spring.jpa.open-in-view to disable this warning
2019-09-19 11:55:55.148  INFO 8736 --- [main] pertySourcedRequestMappingHandlerMapping : Mapped URL path [/v2/api-docs] onto method [public org.springframework.http.ResponseEntity<springfox.documentation.spring.web.json.Json> springfox.documentation.swagger2.web.Swagger2Controller.getDocumentation(java.lang.String,javax.servlet.http.HttpServletRequest)]
2019-09-19 11:55:55.462  INFO 8736 --- [main] o.s.s.concurrent.ThreadPoolTaskExecutor  : Initializing ExecutorService 'applicationTaskExecutor'
2019-09-19 11:55:55.554  INFO 8736 --- [main] o.s.b.a.w.s.WelcomePageHandlerMapping    : Adding welcome page: class path resource [static/system_manager/index.html]
2019-09-19 11:55:55.859  INFO 8736 --- [main] d.s.w.p.DocumentationPluginsBootstrapper : Context refreshed
2019-09-19 11:55:55.872  INFO 8736 --- [main] d.s.w.p.DocumentationPluginsBootstrapper : Found 1 custom documentation plugin(s)
2019-09-19 11:55:55.899  INFO 8736 --- [main] s.d.s.w.s.ApiListingReferenceScanner     : Scanning for api listing references
2019-09-19 11:55:55.975  INFO 8736 --- [main] .d.s.w.r.o.CachingOperationNameGenerator : Generating unique operation named: insertUsingPOST_1
2019-09-19 11:55:55.976  INFO 8736 --- [main] .d.s.w.r.o.CachingOperationNameGenerator : Generating unique operation named: selectUsingPOST_1
2019-09-19 11:55:56.031  INFO 8736 --- [main] o.s.b.w.embedded.tomcat.TomcatWebServer  : Tomcat started on port(s): 8088 (http) with context path '/reverce'
2019-09-19 11:55:56.033  INFO 8736 --- [main] com.zlx.reverce.ReverceApplication       : Started ReverceApplication in 5.587 seconds (JVM running for 6.24)
2019-09-19 11:56:41.250  INFO 8736 --- [http-nio-8088-exec-1] o.a.c.c.C.[.[localhost].[/reverce]       : Initializing Spring DispatcherServlet 'dispatcherServlet'
2019-09-19 11:56:41.250  INFO 8736 --- [http-nio-8088-exec-1] o.s.web.servlet.DispatcherServlet        : Initializing Servlet 'dispatcherServlet'
2019-09-19 11:56:41.262  INFO 8736 --- [http-nio-8088-exec-1] o.s.web.servlet.DispatcherServlet        : Completed initialization in 12 ms
2019-09-19 11:56:41.568  WARN 8736 --- [http-nio-8088-exec-1] .w.s.m.s.DefaultHandlerExceptionResolver : Resolved [org.springframework.web.HttpRequestMethodNotSupportedException: Request method 'POST' not supported]
2019-09-19 11:57:27.138  INFO 4660 --- [main] com.zlx.reverce.ReverceApplication       : Starting ReverceApplication on Z3X9CSF9XM4HM49 with PID 4660 (D:\IdeaProjects\reverce\target\classes started by Administrator in D:\IdeaProjects\reverce)
2019-09-19 11:57:27.141  INFO 4660 --- [main] com.zlx.reverce.ReverceApplication       : The following profiles are active: dev
2019-09-19 11:57:28.146  INFO 4660 --- [main] .s.d.r.c.RepositoryConfigurationDelegate : Bootstrapping Spring Data repositories in DEFAULT mode.
2019-09-19 11:57:28.173  INFO 4660 --- [main] .s.d.r.c.RepositoryConfigurationDelegate : Finished Spring Data repository scanning in 19ms. Found 0 repository interfaces.
2019-09-19 11:57:28.515  INFO 4660 --- [main] trationDelegate$BeanPostProcessorChecker : Bean 'org.springframework.transaction.annotation.ProxyTransactionManagementConfiguration' of type [org.springframework.transaction.annotation.ProxyTransactionManagementConfiguration$$EnhancerBySpringCGLIB$$1e62766c] is not eligible for getting processed by all BeanPostProcessors (for example: not eligible for auto-proxying)
2019-09-19 11:57:28.935  INFO 4660 --- [main] o.s.b.w.embedded.tomcat.TomcatWebServer  : Tomcat initialized with port(s): 8088 (http)
2019-09-19 11:57:28.956  INFO 4660 --- [main] o.apache.catalina.core.StandardService   : Starting service [Tomcat]
2019-09-19 11:57:28.957  INFO 4660 --- [main] org.apache.catalina.core.StandardEngine  : Starting Servlet engine: [Apache Tomcat/9.0.24]
2019-09-19 11:57:28.962  INFO 4660 --- [main] o.a.catalina.core.AprLifecycleListener   : An older version [1.2.21] of the APR based Apache Tomcat Native library is installed, while Tomcat recommends a minimum version of [1.2.23]
2019-09-19 11:57:28.962  INFO 4660 --- [main] o.a.catalina.core.AprLifecycleListener   : Loaded APR based Apache Tomcat Native library [1.2.21] using APR version [1.6.5].
2019-09-19 11:57:28.963  INFO 4660 --- [main] o.a.catalina.core.AprLifecycleListener   : APR capabilities: IPv6 [true], sendfile [true], accept filters [false], random [true].
2019-09-19 11:57:28.963  INFO 4660 --- [main] o.a.catalina.core.AprLifecycleListener   : APR/OpenSSL configuration: useAprConnector [false], useOpenSSL [true]
2019-09-19 11:57:28.966  INFO 4660 --- [main] o.a.catalina.core.AprLifecycleListener   : OpenSSL successfully initialized [OpenSSL 1.1.1a  20 Nov 2018]
2019-09-19 11:57:29.067  INFO 4660 --- [main] o.a.c.c.C.[.[localhost].[/reverce]       : Initializing Spring embedded WebApplicationContext
2019-09-19 11:57:29.067  INFO 4660 --- [main] o.s.web.context.ContextLoader            : Root WebApplicationContext: initialization completed in 1868 ms
2019-09-19 11:57:29.305  INFO 4660 --- [main] com.zaxxer.hikari.HikariDataSource       : HikariPool-1 - Starting...
2019-09-19 11:57:29.782  INFO 4660 --- [main] com.zaxxer.hikari.HikariDataSource       : HikariPool-1 - Start completed.
2019-09-19 11:57:29.815  INFO 4660 --- [main] o.hibernate.jpa.internal.util.LogHelper  : HHH000204: Processing PersistenceUnitInfo [
	name: default
	...]
2019-09-19 11:57:29.863  INFO 4660 --- [main] org.hibernate.Version                    : HHH000412: Hibernate Core {5.3.11.Final}
2019-09-19 11:57:29.865  INFO 4660 --- [main] org.hibernate.cfg.Environment            : HHH000206: hibernate.properties not found
2019-09-19 11:57:29.974  INFO 4660 --- [main] o.hibernate.annotations.common.Version   : HCANN000001: Hibernate Commons Annotations {5.0.4.Final}
2019-09-19 11:57:30.092  INFO 4660 --- [main] org.hibernate.dialect.Dialect            : HHH000400: Using dialect: org.hibernate.dialect.MySQL5Dialect
2019-09-19 11:57:30.276  INFO 4660 --- [main] j.LocalContainerEntityManagerFactoryBean : Initialized JPA EntityManagerFactory for persistence unit 'default'
2019-09-19 11:57:31.210  WARN 4660 --- [main] aWebConfiguration$JpaWebMvcConfiguration : spring.jpa.open-in-view is enabled by default. Therefore, database queries may be performed during view rendering. Explicitly configure spring.jpa.open-in-view to disable this warning
2019-09-19 11:57:31.458  INFO 4660 --- [main] pertySourcedRequestMappingHandlerMapping : Mapped URL path [/v2/api-docs] onto method [public org.springframework.http.ResponseEntity<springfox.documentation.spring.web.json.Json> springfox.documentation.swagger2.web.Swagger2Controller.getDocumentation(java.lang.String,javax.servlet.http.HttpServletRequest)]
2019-09-19 11:57:31.747  INFO 4660 --- [main] o.s.s.concurrent.ThreadPoolTaskExecutor  : Initializing ExecutorService 'applicationTaskExecutor'
2019-09-19 11:57:31.832  INFO 4660 --- [main] o.s.b.a.w.s.WelcomePageHandlerMapping    : Adding welcome page: class path resource [static/system_manager/index.html]
2019-09-19 11:57:32.134  INFO 4660 --- [main] d.s.w.p.DocumentationPluginsBootstrapper : Context refreshed
2019-09-19 11:57:32.148  INFO 4660 --- [main] d.s.w.p.DocumentationPluginsBootstrapper : Found 1 custom documentation plugin(s)
2019-09-19 11:57:32.177  INFO 4660 --- [main] s.d.s.w.s.ApiListingReferenceScanner     : Scanning for api listing references
2019-09-19 11:57:32.252  INFO 4660 --- [main] .d.s.w.r.o.CachingOperationNameGenerator : Generating unique operation named: insertUsingPOST_1
2019-09-19 11:57:32.253  INFO 4660 --- [main] .d.s.w.r.o.CachingOperationNameGenerator : Generating unique operation named: selectUsingPOST_1
2019-09-19 11:57:32.325  INFO 4660 --- [main] o.s.b.w.embedded.tomcat.TomcatWebServer  : Tomcat started on port(s): 8088 (http) with context path '/reverce'
2019-09-19 11:57:32.327  INFO 4660 --- [main] com.zlx.reverce.ReverceApplication       : Started ReverceApplication in 5.597 seconds (JVM running for 6.339)
2019-09-19 11:58:22.044  INFO 4660 --- [http-nio-8088-exec-1] o.a.c.c.C.[.[localhost].[/reverce]       : Initializing Spring DispatcherServlet 'dispatcherServlet'
2019-09-19 11:58:22.044  INFO 4660 --- [http-nio-8088-exec-1] o.s.web.servlet.DispatcherServlet        : Initializing Servlet 'dispatcherServlet'
2019-09-19 11:58:22.057  INFO 4660 --- [http-nio-8088-exec-1] o.s.web.servlet.DispatcherServlet        : Completed initialization in 13 ms
2019-09-19 12:01:06.312  INFO 7356 --- [main] com.zlx.reverce.ReverceApplication       : Starting ReverceApplication on Z3X9CSF9XM4HM49 with PID 7356 (D:\IdeaProjects\reverce\target\classes started by Administrator in D:\IdeaProjects\reverce)
2019-09-19 12:01:06.319  INFO 7356 --- [main] com.zlx.reverce.ReverceApplication       : The following profiles are active: dev
2019-09-19 12:01:07.370  INFO 7356 --- [main] .s.d.r.c.RepositoryConfigurationDelegate : Bootstrapping Spring Data repositories in DEFAULT mode.
2019-09-19 12:01:07.401  INFO 7356 --- [main] .s.d.r.c.RepositoryConfigurationDelegate : Finished Spring Data repository scanning in 23ms. Found 0 repository interfaces.
2019-09-19 12:01:07.727  INFO 7356 --- [main] trationDelegate$BeanPostProcessorChecker : Bean 'org.springframework.transaction.annotation.ProxyTransactionManagementConfiguration' of type [org.springframework.transaction.annotation.ProxyTransactionManagementConfiguration$$EnhancerBySpringCGLIB$$763eb6c2] is not eligible for getting processed by all BeanPostProcessors (for example: not eligible for auto-proxying)
2019-09-19 12:01:08.158  INFO 7356 --- [main] o.s.b.w.embedded.tomcat.TomcatWebServer  : Tomcat initialized with port(s): 8088 (http)
2019-09-19 12:01:08.182  INFO 7356 --- [main] o.apache.catalina.core.StandardService   : Starting service [Tomcat]
2019-09-19 12:01:08.182  INFO 7356 --- [main] org.apache.catalina.core.StandardEngine  : Starting Servlet engine: [Apache Tomcat/9.0.24]
2019-09-19 12:01:08.188  INFO 7356 --- [main] o.a.catalina.core.AprLifecycleListener   : An older version [1.2.21] of the APR based Apache Tomcat Native library is installed, while Tomcat recommends a minimum version of [1.2.23]
2019-09-19 12:01:08.188  INFO 7356 --- [main] o.a.catalina.core.AprLifecycleListener   : Loaded APR based Apache Tomcat Native library [1.2.21] using APR version [1.6.5].
2019-09-19 12:01:08.188  INFO 7356 --- [main] o.a.catalina.core.AprLifecycleListener   : APR capabilities: IPv6 [true], sendfile [true], accept filters [false], random [true].
2019-09-19 12:01:08.188  INFO 7356 --- [main] o.a.catalina.core.AprLifecycleListener   : APR/OpenSSL configuration: useAprConnector [false], useOpenSSL [true]
2019-09-19 12:01:08.192  INFO 7356 --- [main] o.a.catalina.core.AprLifecycleListener   : OpenSSL successfully initialized [OpenSSL 1.1.1a  20 Nov 2018]
2019-09-19 12:01:08.295  INFO 7356 --- [main] o.a.c.c.C.[.[localhost].[/reverce]       : Initializing Spring embedded WebApplicationContext
2019-09-19 12:01:08.296  INFO 7356 --- [main] o.s.web.context.ContextLoader            : Root WebApplicationContext: initialization completed in 1912 ms
2019-09-19 12:01:08.588  INFO 7356 --- [main] com.zaxxer.hikari.HikariDataSource       : HikariPool-1 - Starting...
2019-09-19 12:01:09.067  INFO 7356 --- [main] com.zaxxer.hikari.HikariDataSource       : HikariPool-1 - Start completed.
2019-09-19 12:01:09.110  INFO 7356 --- [main] o.hibernate.jpa.internal.util.LogHelper  : HHH000204: Processing PersistenceUnitInfo [
	name: default
	...]
2019-09-19 12:01:09.164  INFO 7356 --- [main] org.hibernate.Version                    : HHH000412: Hibernate Core {5.3.11.Final}
2019-09-19 12:01:09.166  INFO 7356 --- [main] org.hibernate.cfg.Environment            : HHH000206: hibernate.properties not found
2019-09-19 12:01:09.283  INFO 7356 --- [main] o.hibernate.annotations.common.Version   : HCANN000001: Hibernate Commons Annotations {5.0.4.Final}
2019-09-19 12:01:09.405  INFO 7356 --- [main] org.hibernate.dialect.Dialect            : HHH000400: Using dialect: org.hibernate.dialect.MySQL5Dialect
2019-09-19 12:01:09.586  INFO 7356 --- [main] j.LocalContainerEntityManagerFactoryBean : Initialized JPA EntityManagerFactory for persistence unit 'default'
2019-09-19 12:01:10.525  WARN 7356 --- [main] aWebConfiguration$JpaWebMvcConfiguration : spring.jpa.open-in-view is enabled by default. Therefore, database queries may be performed during view rendering. Explicitly configure spring.jpa.open-in-view to disable this warning
2019-09-19 12:01:10.764  INFO 7356 --- [main] pertySourcedRequestMappingHandlerMapping : Mapped URL path [/v2/api-docs] onto method [public org.springframework.http.ResponseEntity<springfox.documentation.spring.web.json.Json> springfox.documentation.swagger2.web.Swagger2Controller.getDocumentation(java.lang.String,javax.servlet.http.HttpServletRequest)]
2019-09-19 12:01:11.101  INFO 7356 --- [main] o.s.s.concurrent.ThreadPoolTaskExecutor  : Initializing ExecutorService 'applicationTaskExecutor'
2019-09-19 12:01:11.187  INFO 7356 --- [main] o.s.b.a.w.s.WelcomePageHandlerMapping    : Adding welcome page: class path resource [static/system_manager/index.html]
2019-09-19 12:01:11.482  INFO 7356 --- [main] d.s.w.p.DocumentationPluginsBootstrapper : Context refreshed
2019-09-19 12:01:11.495  INFO 7356 --- [main] d.s.w.p.DocumentationPluginsBootstrapper : Found 1 custom documentation plugin(s)
2019-09-19 12:01:11.520  INFO 7356 --- [main] s.d.s.w.s.ApiListingReferenceScanner     : Scanning for api listing references
2019-09-19 12:01:11.597  INFO 7356 --- [main] .d.s.w.r.o.CachingOperationNameGenerator : Generating unique operation named: insertUsingPOST_1
2019-09-19 12:01:11.598  INFO 7356 --- [main] .d.s.w.r.o.CachingOperationNameGenerator : Generating unique operation named: selectUsingPOST_1
2019-09-19 12:01:11.656  INFO 7356 --- [main] o.s.b.w.embedded.tomcat.TomcatWebServer  : Tomcat started on port(s): 8088 (http) with context path '/reverce'
2019-09-19 12:01:11.659  INFO 7356 --- [main] com.zlx.reverce.ReverceApplication       : Started ReverceApplication in 5.767 seconds (JVM running for 6.478)
2019-09-19 12:01:22.141  INFO 7356 --- [http-nio-8088-exec-1] o.a.c.c.C.[.[localhost].[/reverce]       : Initializing Spring DispatcherServlet 'dispatcherServlet'
2019-09-19 12:01:22.141  INFO 7356 --- [http-nio-8088-exec-1] o.s.web.servlet.DispatcherServlet        : Initializing Servlet 'dispatcherServlet'
2019-09-19 12:01:22.155  INFO 7356 --- [http-nio-8088-exec-1] o.s.web.servlet.DispatcherServlet        : Completed initialization in 14 ms
2019-09-19 17:54:10.427  INFO 9180 --- [main] com.zlx.reverce.ReverceApplication       : Starting ReverceApplication on Z3X9CSF9XM4HM49 with PID 9180 (D:\IdeaProjects\reverce\target\classes started by Administrator in D:\IdeaProjects\reverce)
2019-09-19 17:54:10.447  INFO 9180 --- [main] com.zlx.reverce.ReverceApplication       : The following profiles are active: dev
2019-09-19 17:54:11.057  WARN 9180 --- [main] ConfigServletWebServerApplicationContext : Exception encountered during context initialization - cancelling refresh attempt: org.springframework.beans.factory.BeanDefinitionStoreException: Failed to parse configuration class [com.zlx.reverce.ReverceApplication]; nested exception is org.springframework.context.annotation.ConflictingBeanDefinitionException: Annotation-specified bean name 'TCaseController' for bean class [com.zlx.reverce.t_case.controller.TCaseController] conflicts with existing, non-compatible bean definition of same name and class [com.zlx.reverce.controller.TCaseController]
2019-09-19 17:54:11.073 ERROR 9180 --- [main] o.s.boot.SpringApplication               : Application run failed

org.springframework.beans.factory.BeanDefinitionStoreException: Failed to parse configuration class [com.zlx.reverce.ReverceApplication]; nested exception is org.springframework.context.annotation.ConflictingBeanDefinitionException: Annotation-specified bean name 'TCaseController' for bean class [com.zlx.reverce.t_case.controller.TCaseController] conflicts with existing, non-compatible bean definition of same name and class [com.zlx.reverce.controller.TCaseController]
	at org.springframework.context.annotation.ConfigurationClassParser.parse(ConfigurationClassParser.java:181) ~[spring-context-5.1.9.RELEASE.jar:5.1.9.RELEASE]
	at org.springframework.context.annotation.ConfigurationClassPostProcessor.processConfigBeanDefinitions(ConfigurationClassPostProcessor.java:315) ~[spring-context-5.1.9.RELEASE.jar:5.1.9.RELEASE]
	at org.springframework.context.annotation.ConfigurationClassPostProcessor.postProcessBeanDefinitionRegistry(ConfigurationClassPostProcessor.java:232) ~[spring-context-5.1.9.RELEASE.jar:5.1.9.RELEASE]
	at org.springframework.context.support.PostProcessorRegistrationDelegate.invokeBeanDefinitionRegistryPostProcessors(PostProcessorRegistrationDelegate.java:275) ~[spring-context-5.1.9.RELEASE.jar:5.1.9.RELEASE]
	at org.springframework.context.support.PostProcessorRegistrationDelegate.invokeBeanFactoryPostProcessors(PostProcessorRegistrationDelegate.java:95) ~[spring-context-5.1.9.RELEASE.jar:5.1.9.RELEASE]
	at org.springframework.context.support.AbstractApplicationContext.invokeBeanFactoryPostProcessors(AbstractApplicationContext.java:705) ~[spring-context-5.1.9.RELEASE.jar:5.1.9.RELEASE]
	at org.springframework.context.support.AbstractApplicationContext.refresh(AbstractApplicationContext.java:531) ~[spring-context-5.1.9.RELEASE.jar:5.1.9.RELEASE]
	at org.springframework.boot.web.servlet.context.ServletWebServerApplicationContext.refresh(ServletWebServerApplicationContext.java:141) ~[spring-boot-2.1.8.RELEASE.jar:2.1.8.RELEASE]
	at org.springframework.boot.SpringApplication.refresh(SpringApplication.java:744) [spring-boot-2.1.8.RELEASE.jar:2.1.8.RELEASE]
	at org.springframework.boot.SpringApplication.refreshContext(SpringApplication.java:391) [spring-boot-2.1.8.RELEASE.jar:2.1.8.RELEASE]
	at org.springframework.boot.SpringApplication.run(SpringApplication.java:312) [spring-boot-2.1.8.RELEASE.jar:2.1.8.RELEASE]
	at org.springframework.boot.SpringApplication.run(SpringApplication.java:1215) [spring-boot-2.1.8.RELEASE.jar:2.1.8.RELEASE]
	at org.springframework.boot.SpringApplication.run(SpringApplication.java:1204) [spring-boot-2.1.8.RELEASE.jar:2.1.8.RELEASE]
	at com.zlx.reverce.ReverceApplication.main(ReverceApplication.java:24) [classes/:na]
Caused by: org.springframework.context.annotation.ConflictingBeanDefinitionException: Annotation-specified bean name 'TCaseController' for bean class [com.zlx.reverce.t_case.controller.TCaseController] conflicts with existing, non-compatible bean definition of same name and class [com.zlx.reverce.controller.TCaseController]
	at org.springframework.context.annotation.ClassPathBeanDefinitionScanner.checkCandidate(ClassPathBeanDefinitionScanner.java:348) ~[spring-context-5.1.9.RELEASE.jar:5.1.9.RELEASE]
	at org.springframework.context.annotation.ClassPathBeanDefinitionScanner.doScan(ClassPathBeanDefinitionScanner.java:286) ~[spring-context-5.1.9.RELEASE.jar:5.1.9.RELEASE]
	at org.springframework.context.annotation.ComponentScanAnnotationParser.parse(ComponentScanAnnotationParser.java:132) ~[spring-context-5.1.9.RELEASE.jar:5.1.9.RELEASE]
	at org.springframework.context.annotation.ConfigurationClassParser.doProcessConfigurationClass(ConfigurationClassParser.java:287) ~[spring-context-5.1.9.RELEASE.jar:5.1.9.RELEASE]
	at org.springframework.context.annotation.ConfigurationClassParser.processConfigurationClass(ConfigurationClassParser.java:242) ~[spring-context-5.1.9.RELEASE.jar:5.1.9.RELEASE]
	at org.springframework.context.annotation.ConfigurationClassParser.parse(ConfigurationClassParser.java:199) ~[spring-context-5.1.9.RELEASE.jar:5.1.9.RELEASE]
	at org.springframework.context.annotation.ConfigurationClassParser.parse(ConfigurationClassParser.java:167) ~[spring-context-5.1.9.RELEASE.jar:5.1.9.RELEASE]
	... 13 common frames omitted

2019-09-19 17:54:27.194  INFO 7896 --- [main] com.zlx.reverce.ReverceApplication       : Starting ReverceApplication on Z3X9CSF9XM4HM49 with PID 7896 (D:\IdeaProjects\reverce\target\classes started by Administrator in D:\IdeaProjects\reverce)
2019-09-19 17:54:27.197  INFO 7896 --- [main] com.zlx.reverce.ReverceApplication       : The following profiles are active: dev
2019-09-19 17:54:27.452  WARN 7896 --- [main] ConfigServletWebServerApplicationContext : Exception encountered during context initialization - cancelling refresh attempt: org.springframework.beans.factory.BeanDefinitionStoreException: Failed to parse configuration class [com.zlx.reverce.ReverceApplication]; nested exception is org.springframework.context.annotation.ConflictingBeanDefinitionException: Annotation-specified bean name 'TCaseController' for bean class [com.zlx.reverce.t_case.controller.TCaseController] conflicts with existing, non-compatible bean definition of same name and class [com.zlx.reverce.controller.TCaseController]
2019-09-19 17:54:27.505 ERROR 7896 --- [main] o.s.boot.SpringApplication               : Application run failed

org.springframework.beans.factory.BeanDefinitionStoreException: Failed to parse configuration class [com.zlx.reverce.ReverceApplication]; nested exception is org.springframework.context.annotation.ConflictingBeanDefinitionException: Annotation-specified bean name 'TCaseController' for bean class [com.zlx.reverce.t_case.controller.TCaseController] conflicts with existing, non-compatible bean definition of same name and class [com.zlx.reverce.controller.TCaseController]
	at org.springframework.context.annotation.ConfigurationClassParser.parse(ConfigurationClassParser.java:181) ~[spring-context-5.1.9.RELEASE.jar:5.1.9.RELEASE]
	at org.springframework.context.annotation.ConfigurationClassPostProcessor.processConfigBeanDefinitions(ConfigurationClassPostProcessor.java:315) ~[spring-context-5.1.9.RELEASE.jar:5.1.9.RELEASE]
	at org.springframework.context.annotation.ConfigurationClassPostProcessor.postProcessBeanDefinitionRegistry(ConfigurationClassPostProcessor.java:232) ~[spring-context-5.1.9.RELEASE.jar:5.1.9.RELEASE]
	at org.springframework.context.support.PostProcessorRegistrationDelegate.invokeBeanDefinitionRegistryPostProcessors(PostProcessorRegistrationDelegate.java:275) ~[spring-context-5.1.9.RELEASE.jar:5.1.9.RELEASE]
	at org.springframework.context.support.PostProcessorRegistrationDelegate.invokeBeanFactoryPostProcessors(PostProcessorRegistrationDelegate.java:95) ~[spring-context-5.1.9.RELEASE.jar:5.1.9.RELEASE]
	at org.springframework.context.support.AbstractApplicationContext.invokeBeanFactoryPostProcessors(AbstractApplicationContext.java:705) ~[spring-context-5.1.9.RELEASE.jar:5.1.9.RELEASE]
	at org.springframework.context.support.AbstractApplicationContext.refresh(AbstractApplicationContext.java:531) ~[spring-context-5.1.9.RELEASE.jar:5.1.9.RELEASE]
	at org.springframework.boot.web.servlet.context.ServletWebServerApplicationContext.refresh(ServletWebServerApplicationContext.java:141) ~[spring-boot-2.1.8.RELEASE.jar:2.1.8.RELEASE]
	at org.springframework.boot.SpringApplication.refresh(SpringApplication.java:744) [spring-boot-2.1.8.RELEASE.jar:2.1.8.RELEASE]
	at org.springframework.boot.SpringApplication.refreshContext(SpringApplication.java:391) [spring-boot-2.1.8.RELEASE.jar:2.1.8.RELEASE]
	at org.springframework.boot.SpringApplication.run(SpringApplication.java:312) [spring-boot-2.1.8.RELEASE.jar:2.1.8.RELEASE]
	at org.springframework.boot.SpringApplication.run(SpringApplication.java:1215) [spring-boot-2.1.8.RELEASE.jar:2.1.8.RELEASE]
	at org.springframework.boot.SpringApplication.run(SpringApplication.java:1204) [spring-boot-2.1.8.RELEASE.jar:2.1.8.RELEASE]
	at com.zlx.reverce.ReverceApplication.main(ReverceApplication.java:24) [classes/:na]
Caused by: org.springframework.context.annotation.ConflictingBeanDefinitionException: Annotation-specified bean name 'TCaseController' for bean class [com.zlx.reverce.t_case.controller.TCaseController] conflicts with existing, non-compatible bean definition of same name and class [com.zlx.reverce.controller.TCaseController]
	at org.springframework.context.annotation.ClassPathBeanDefinitionScanner.checkCandidate(ClassPathBeanDefinitionScanner.java:348) ~[spring-context-5.1.9.RELEASE.jar:5.1.9.RELEASE]
	at org.springframework.context.annotation.ClassPathBeanDefinitionScanner.doScan(ClassPathBeanDefinitionScanner.java:286) ~[spring-context-5.1.9.RELEASE.jar:5.1.9.RELEASE]
	at org.springframework.context.annotation.ComponentScanAnnotationParser.parse(ComponentScanAnnotationParser.java:132) ~[spring-context-5.1.9.RELEASE.jar:5.1.9.RELEASE]
	at org.springframework.context.annotation.ConfigurationClassParser.doProcessConfigurationClass(ConfigurationClassParser.java:287) ~[spring-context-5.1.9.RELEASE.jar:5.1.9.RELEASE]
	at org.springframework.context.annotation.ConfigurationClassParser.processConfigurationClass(ConfigurationClassParser.java:242) ~[spring-context-5.1.9.RELEASE.jar:5.1.9.RELEASE]
	at org.springframework.context.annotation.ConfigurationClassParser.parse(ConfigurationClassParser.java:199) ~[spring-context-5.1.9.RELEASE.jar:5.1.9.RELEASE]
	at org.springframework.context.annotation.ConfigurationClassParser.parse(ConfigurationClassParser.java:167) ~[spring-context-5.1.9.RELEASE.jar:5.1.9.RELEASE]
	... 13 common frames omitted

2019-09-19 17:54:42.835  INFO 11472 --- [main] com.zlx.reverce.ReverceApplication       : Starting ReverceApplication on Z3X9CSF9XM4HM49 with PID 11472 (D:\IdeaProjects\reverce\target\classes started by Administrator in D:\IdeaProjects\reverce)
2019-09-19 17:54:42.838  INFO 11472 --- [main] com.zlx.reverce.ReverceApplication       : The following profiles are active: dev
2019-09-19 17:54:43.879  INFO 11472 --- [main] .s.d.r.c.RepositoryConfigurationDelegate : Bootstrapping Spring Data repositories in DEFAULT mode.
2019-09-19 17:54:43.909  INFO 11472 --- [main] .s.d.r.c.RepositoryConfigurationDelegate : Finished Spring Data repository scanning in 20ms. Found 0 repository interfaces.
2019-09-19 17:54:44.269  INFO 11472 --- [main] trationDelegate$BeanPostProcessorChecker : Bean 'org.springframework.transaction.annotation.ProxyTransactionManagementConfiguration' of type [org.springframework.transaction.annotation.ProxyTransactionManagementConfiguration$$EnhancerBySpringCGLIB$$495ed9e4] is not eligible for getting processed by all BeanPostProcessors (for example: not eligible for auto-proxying)
2019-09-19 17:54:44.771  INFO 11472 --- [main] o.s.b.w.embedded.tomcat.TomcatWebServer  : Tomcat initialized with port(s): 8088 (http)
2019-09-19 17:54:44.803  INFO 11472 --- [main] o.apache.catalina.core.StandardService   : Starting service [Tomcat]
2019-09-19 17:54:44.804  INFO 11472 --- [main] org.apache.catalina.core.StandardEngine  : Starting Servlet engine: [Apache Tomcat/9.0.24]
2019-09-19 17:54:44.813  INFO 11472 --- [main] o.a.catalina.core.AprLifecycleListener   : An older version [1.2.21] of the APR based Apache Tomcat Native library is installed, while Tomcat recommends a minimum version of [1.2.23]
2019-09-19 17:54:44.813  INFO 11472 --- [main] o.a.catalina.core.AprLifecycleListener   : Loaded APR based Apache Tomcat Native library [1.2.21] using APR version [1.6.5].
2019-09-19 17:54:44.813  INFO 11472 --- [main] o.a.catalina.core.AprLifecycleListener   : APR capabilities: IPv6 [true], sendfile [true], accept filters [false], random [true].
2019-09-19 17:54:44.813  INFO 11472 --- [main] o.a.catalina.core.AprLifecycleListener   : APR/OpenSSL configuration: useAprConnector [false], useOpenSSL [true]
2019-09-19 17:54:44.835  INFO 11472 --- [main] o.a.catalina.core.AprLifecycleListener   : OpenSSL successfully initialized [OpenSSL 1.1.1a  20 Nov 2018]
2019-09-19 17:54:44.972  INFO 11472 --- [main] o.a.c.c.C.[.[localhost].[/reverce]       : Initializing Spring embedded WebApplicationContext
2019-09-19 17:54:44.972  INFO 11472 --- [main] o.s.web.context.ContextLoader            : Root WebApplicationContext: initialization completed in 2089 ms
2019-09-19 17:54:45.357  INFO 11472 --- [main] com.zaxxer.hikari.HikariDataSource       : HikariPool-1 - Starting...
2019-09-19 17:54:45.979  INFO 11472 --- [main] com.zaxxer.hikari.HikariDataSource       : HikariPool-1 - Start completed.
2019-09-19 17:54:46.034  INFO 11472 --- [main] o.hibernate.jpa.internal.util.LogHelper  : HHH000204: Processing PersistenceUnitInfo [
	name: default
	...]
2019-09-19 17:54:46.116  INFO 11472 --- [main] org.hibernate.Version                    : HHH000412: Hibernate Core {5.3.11.Final}
2019-09-19 17:54:46.117  INFO 11472 --- [main] org.hibernate.cfg.Environment            : HHH000206: hibernate.properties not found
2019-09-19 17:54:46.331  INFO 11472 --- [main] o.hibernate.annotations.common.Version   : HCANN000001: Hibernate Commons Annotations {5.0.4.Final}
2019-09-19 17:54:46.597  INFO 11472 --- [main] org.hibernate.dialect.Dialect            : HHH000400: Using dialect: org.hibernate.dialect.MySQL5Dialect
2019-09-19 17:54:46.875  INFO 11472 --- [main] j.LocalContainerEntityManagerFactoryBean : Initialized JPA EntityManagerFactory for persistence unit 'default'
2019-09-19 17:54:48.012  WARN 11472 --- [main] aWebConfiguration$JpaWebMvcConfiguration : spring.jpa.open-in-view is enabled by default. Therefore, database queries may be performed during view rendering. Explicitly configure spring.jpa.open-in-view to disable this warning
2019-09-19 17:54:48.246  INFO 11472 --- [main] pertySourcedRequestMappingHandlerMapping : Mapped URL path [/v2/api-docs] onto method [public org.springframework.http.ResponseEntity<springfox.documentation.spring.web.json.Json> springfox.documentation.swagger2.web.Swagger2Controller.getDocumentation(java.lang.String,javax.servlet.http.HttpServletRequest)]
2019-09-19 17:54:48.562  INFO 11472 --- [main] o.s.s.concurrent.ThreadPoolTaskExecutor  : Initializing ExecutorService 'applicationTaskExecutor'
2019-09-19 17:54:48.659  INFO 11472 --- [main] o.s.b.a.w.s.WelcomePageHandlerMapping    : Adding welcome page: class path resource [static/system_manager/index.html]
2019-09-19 17:54:48.989  INFO 11472 --- [main] d.s.w.p.DocumentationPluginsBootstrapper : Context refreshed
2019-09-19 17:54:49.009  INFO 11472 --- [main] d.s.w.p.DocumentationPluginsBootstrapper : Found 1 custom documentation plugin(s)
2019-09-19 17:54:49.039  INFO 11472 --- [main] s.d.s.w.s.ApiListingReferenceScanner     : Scanning for api listing references
2019-09-19 17:54:49.129  INFO 11472 --- [main] .d.s.w.r.o.CachingOperationNameGenerator : Generating unique operation named: insertUsingPOST_1
2019-09-19 17:54:49.131  INFO 11472 --- [main] .d.s.w.r.o.CachingOperationNameGenerator : Generating unique operation named: selectUsingPOST_1
2019-09-19 17:54:49.134  INFO 11472 --- [main] .d.s.w.r.o.CachingOperationNameGenerator : Generating unique operation named: insertUsingPOST_2
2019-09-19 17:54:49.135  INFO 11472 --- [main] .d.s.w.r.o.CachingOperationNameGenerator : Generating unique operation named: selectUsingPOST_2
2019-09-19 17:54:49.139  INFO 11472 --- [main] .d.s.w.r.o.CachingOperationNameGenerator : Generating unique operation named: insertUsingPOST_3
2019-09-19 17:54:49.140  INFO 11472 --- [main] .d.s.w.r.o.CachingOperationNameGenerator : Generating unique operation named: selectUsingPOST_3
2019-09-19 17:54:49.201  INFO 11472 --- [main] o.s.b.w.embedded.tomcat.TomcatWebServer  : Tomcat started on port(s): 8088 (http) with context path '/reverce'
2019-09-19 17:54:49.204  INFO 11472 --- [main] com.zlx.reverce.ReverceApplication       : Started ReverceApplication in 6.755 seconds (JVM running for 7.456)
2019-09-19 17:54:52.485  INFO 11472 --- [http-nio-8088-exec-1] o.a.c.c.C.[.[localhost].[/reverce]       : Initializing Spring DispatcherServlet 'dispatcherServlet'
2019-09-19 17:54:52.485  INFO 11472 --- [http-nio-8088-exec-1] o.s.web.servlet.DispatcherServlet        : Initializing Servlet 'dispatcherServlet'
2019-09-19 17:54:52.501  INFO 11472 --- [http-nio-8088-exec-1] o.s.web.servlet.DispatcherServlet        : Completed initialization in 16 ms
